<?xml version="1.0" encoding="UTF-8" standalone="no"?>
<!DOCTYPE log SYSTEM "logger.dtd">
<log>
<record>
  <date>2019-03-28T14:49:06.485-0300</date>
  <logger>GABRIEL FERNANDES DA COSTA</logger>
  <level>FINE</level>
  <message>File 118110739-GABRIEL FERNANDES DA COSTA.zip was received. It was sent by GABRIEL FERNANDES DA COSTA from IP 150.165.42.121</message>
</record>
</log>
<?xml version="1.0" encoding="UTF-8" standalone="no"?>
<!DOCTYPE log SYSTEM "logger.dtd">
<log>
<record>
  <date>2019-03-28T14:52:43.164-0300</date>
  <logger>GABRIEL FERNANDES DA COSTA</logger>
  <level>FINE</level>
  <message>File 118110739-GABRIEL FERNANDES DA COSTA.zip was received. It was sent by GABRIEL FERNANDES DA COSTA from IP 150.165.42.121</message>
</record>
</log>
<?xml version="1.0" encoding="UTF-8" standalone="no"?>
<!DOCTYPE log SYSTEM "logger.dtd">
<log>
<record>
  <date>2019-03-28T22:12:00.995-0300</date>
  <logger>GABRIEL FERNANDES DA COSTA</logger>
  <level>FINE</level>
  <message>File 118110739-GABRIEL FERNANDES DA COSTA.zip was received. It was sent by GABRIEL FERNANDES DA COSTA from IP 192.168.15.8</message>
</record>
</log>
<?xml version="1.0" encoding="UTF-8" standalone="no"?>
<!DOCTYPE log SYSTEM "logger.dtd">
<log>
<record>
  <date>2019-03-28T22:18:29.144-0300</date>
  <logger>GABRIEL FERNANDES DA COSTA</logger>
  <level>FINE</level>
  <message>File 118110739-GABRIEL FERNANDES DA COSTA.zip was received. It was sent by GABRIEL FERNANDES DA COSTA from IP 192.168.15.8</message>
</record>
