<?xml version="1.0" encoding="UTF-8" standalone="no"?>
<!DOCTYPE log SYSTEM "logger.dtd">
<log>
<record>
  <date>2019-04-01T16:25:18.674-0300</date>
  <logger>GABRIEL FERNANDES DA COSTA</logger>
  <level>FINE</level>
  <message>File 118110739-GABRIEL FERNANDES DA COSTA.zip was received. It was sent by GABRIEL FERNANDES DA COSTA from IP 150.165.42.134</message>
</record>
</log>
<?xml version="1.0" encoding="UTF-8" standalone="no"?>
<!DOCTYPE log SYSTEM "logger.dtd">
<log>
<record>
  <date>2019-04-01T23:17:57.219-0300</date>
  <logger>GABRIEL FERNANDES DA COSTA</logger>
  <level>FINE</level>
  <message>File 118110739-GABRIEL FERNANDES DA COSTA.zip was received. It was sent by GABRIEL FERNANDES DA COSTA from IP 192.168.15.8</message>
</record>
</log>
<?xml version="1.0" encoding="UTF-8" standalone="no"?>
<!DOCTYPE log SYSTEM "logger.dtd">
<log>
<record>
  <date>2019-04-01T23:21:27.225-0300</date>
  <logger>GABRIEL FERNANDES DA COSTA</logger>
  <level>FINE</level>
  <message>File 118110739-GABRIEL FERNANDES DA COSTA.zip was received. It was sent by GABRIEL FERNANDES DA COSTA from IP 192.168.15.8</message>
</record>
